2016-07-20 15:21:48,002 ERROR Http11NioProtocol:182 - Failed to start end point associated with ProtocolHandler ["http-nio-8080"]
java.net.BindException: Address already in use: bind
	at sun.nio.ch.Net.bind0(Native Method)
	at sun.nio.ch.Net.bind(Unknown Source)
	at sun.nio.ch.Net.bind(Unknown Source)
	at sun.nio.ch.ServerSocketChannelImpl.bind(Unknown Source)
	at sun.nio.ch.ServerSocketAdaptor.bind(Unknown Source)
	at org.apache.tomcat.util.net.NioEndpoint.bind(NioEndpoint.java:340)
	at org.apache.tomcat.util.net.AbstractEndpoint.start(AbstractEndpoint.java:765)
	at org.apache.coyote.AbstractProtocol.start(AbstractProtocol.java:473)
	at org.apache.catalina.connector.Connector.startInternal(Connector.java:986)
	at org.apache.catalina.util.LifecycleBase.start(LifecycleBase.java:150)
	at org.apache.catalina.core.StandardService.addConnector(StandardService.java:239)
	at org.springframework.boot.context.embedded.tomcat.TomcatEmbeddedServletContainer.addPreviouslyRemovedConnectors(TomcatEmbeddedServletContainer.java:194)
	at org.springframework.boot.context.embedded.tomcat.TomcatEmbeddedServletContainer.start(TomcatEmbeddedServletContainer.java:151)
	at org.springframework.boot.context.embedded.EmbeddedWebApplicationContext.startEmbeddedServletContainer(EmbeddedWebApplicationContext.java:293)
	at org.springframework.boot.context.embedded.EmbeddedWebApplicationContext.finishRefresh(EmbeddedWebApplicationContext.java:141)
	at org.springframework.context.support.AbstractApplicationContext.refresh(AbstractApplicationContext.java:541)
	at org.springframework.boot.context.embedded.EmbeddedWebApplicationContext.refresh(EmbeddedWebApplicationContext.java:118)
	at org.springframework.boot.SpringApplication.refresh(SpringApplication.java:766)
	at org.springframework.boot.SpringApplication.createAndRefreshContext(SpringApplication.java:361)
	at org.springframework.boot.SpringApplication.run(SpringApplication.java:307)
	at org.springframework.boot.SpringApplication.run(SpringApplication.java:1191)
	at org.springframework.boot.SpringApplication.run(SpringApplication.java:1180)
	at com.didispace.Application.main(Application.java:10)
2016-07-20 15:21:48,008 ERROR StandardService:182 - Failed to start connector [Connector[HTTP/1.1-8080]]
org.apache.catalina.LifecycleException: Failed to start component [Connector[HTTP/1.1-8080]]
	at org.apache.catalina.util.LifecycleBase.start(LifecycleBase.java:154)
	at org.apache.catalina.core.StandardService.addConnector(StandardService.java:239)
	at org.springframework.boot.context.embedded.tomcat.TomcatEmbeddedServletContainer.addPreviouslyRemovedConnectors(TomcatEmbeddedServletContainer.java:194)
	at org.springframework.boot.context.embedded.tomcat.TomcatEmbeddedServletContainer.start(TomcatEmbeddedServletContainer.java:151)
	at org.springframework.boot.context.embedded.EmbeddedWebApplicationContext.startEmbeddedServletContainer(EmbeddedWebApplicationContext.java:293)
	at org.springframework.boot.context.embedded.EmbeddedWebApplicationContext.finishRefresh(EmbeddedWebApplicationContext.java:141)
	at org.springframework.context.support.AbstractApplicationContext.refresh(AbstractApplicationContext.java:541)
	at org.springframework.boot.context.embedded.EmbeddedWebApplicationContext.refresh(EmbeddedWebApplicationContext.java:118)
	at org.springframework.boot.SpringApplication.refresh(SpringApplication.java:766)
	at org.springframework.boot.SpringApplication.createAndRefreshContext(SpringApplication.java:361)
	at org.springframework.boot.SpringApplication.run(SpringApplication.java:307)
	at org.springframework.boot.SpringApplication.run(SpringApplication.java:1191)
	at org.springframework.boot.SpringApplication.run(SpringApplication.java:1180)
	at com.didispace.Application.main(Application.java:10)
Caused by: org.apache.catalina.LifecycleException: service.getName(): "Tomcat";  Protocol handler start failed
	at org.apache.catalina.connector.Connector.startInternal(Connector.java:993)
	at org.apache.catalina.util.LifecycleBase.start(LifecycleBase.java:150)
	... 13 more
Caused by: java.net.BindException: Address already in use: bind
	at sun.nio.ch.Net.bind0(Native Method)
	at sun.nio.ch.Net.bind(Unknown Source)
	at sun.nio.ch.Net.bind(Unknown Source)
	at sun.nio.ch.ServerSocketChannelImpl.bind(Unknown Source)
	at sun.nio.ch.ServerSocketAdaptor.bind(Unknown Source)
	at org.apache.tomcat.util.net.NioEndpoint.bind(NioEndpoint.java:340)
	at org.apache.tomcat.util.net.AbstractEndpoint.start(AbstractEndpoint.java:765)
	at org.apache.coyote.AbstractProtocol.start(AbstractProtocol.java:473)
	at org.apache.catalina.connector.Connector.startInternal(Connector.java:986)
	... 14 more
2016-07-20 15:21:48,038 ERROR SpringApplication:827 - Application startup failed
org.springframework.boot.context.embedded.EmbeddedServletContainerException: Unable to start embedded Tomcat servlet container
	at org.springframework.boot.context.embedded.tomcat.TomcatEmbeddedServletContainer.start(TomcatEmbeddedServletContainer.java:165)
	at org.springframework.boot.context.embedded.EmbeddedWebApplicationContext.startEmbeddedServletContainer(EmbeddedWebApplicationContext.java:293)
	at org.springframework.boot.context.embedded.EmbeddedWebApplicationContext.finishRefresh(EmbeddedWebApplicationContext.java:141)
	at org.springframework.context.support.AbstractApplicationContext.refresh(AbstractApplicationContext.java:541)
	at org.springframework.boot.context.embedded.EmbeddedWebApplicationContext.refresh(EmbeddedWebApplicationContext.java:118)
	at org.springframework.boot.SpringApplication.refresh(SpringApplication.java:766)
	at org.springframework.boot.SpringApplication.createAndRefreshContext(SpringApplication.java:361)
	at org.springframework.boot.SpringApplication.run(SpringApplication.java:307)
	at org.springframework.boot.SpringApplication.run(SpringApplication.java:1191)
	at org.springframework.boot.SpringApplication.run(SpringApplication.java:1180)
	at com.didispace.Application.main(Application.java:10)
Caused by: java.lang.IllegalStateException: Tomcat connector in failed state
	at org.springframework.boot.context.embedded.tomcat.TomcatEmbeddedServletContainer.start(TomcatEmbeddedServletContainer.java:159)
	... 10 more
